travis_fold:start:worker_info
[0K[33;1mWorker information[0m
hostname: b889fa49-3e59-4ebe-8407-4c6448ad3409@1.worker-org-bcccd4c45-jzhxw.gce-production-3
version: 6.2.22 https://github.com/travis-ci/worker/tree/858cb91994a513269f2fe9782c15fc113e966231
instance: travis-job-f40a10a5-8f7a-4b7a-a687-7c684971e566 travis-ci-sardonyx-xenial-1593004276-4d46c6b3 (via amqp)
startup: 6.314238145s
travis_fold:end:worker_info
[0Ktravis_time:start:034de4e3
[0Ktravis_time:end:034de4e3:start=1618140920363505583,finish=1618140920511623112,duration=148117529,event=no_world_writable_dirs
[0Ktravis_time:start:0b5bd0a6
[0Ktravis_time:end:0b5bd0a6:start=1618140920514499819,finish=1618140920518028112,duration=3528293,event=setup_filter
[0Ktravis_time:start:0bdd9440
[0Ktravis_time:end:0bdd9440:start=1618140920523395269,finish=1618140920530914777,duration=7519508,event=agent
[0Ktravis_time:start:07ee4e50
[0Ktravis_time:end:07ee4e50:start=1618140920533627995,finish=1618140920535560649,duration=1932654,event=check_unsupported
[0Ktravis_time:start:12de5138
[0Ktravis_fold:start:system_info
[0K[33;1mBuild system information[0m
Build language: cpp
Build dist: xenial
Build id: 766659019
Job id: 766659020
Runtime kernel version: 4.15.0-1077-gcp
travis-build version: 091d532a
[34m[1mBuild image provisioning date and time[0m
Wed Jun 24 13:36:52 UTC 2020
[34m[1mOperating System Details[0m
Distributor ID:	Ubuntu
Description:	Ubuntu 16.04.6 LTS
Release:	16.04
Codename:	xenial
[34m[1mSystemd Version[0m
systemd 229
[34m[1mCookbooks Version[0m
3f92a99 https://github.com/travis-ci/travis-cookbooks/tree/3f92a99
[34m[1mgit version[0m
git version 2.27.0
[34m[1mbash version[0m
GNU bash, version 4.3.48(1)-release (x86_64-pc-linux-gnu)
[34m[1mgcc version[0m
gcc (Ubuntu 5.4.0-6ubuntu1~16.04.12) 5.4.0 20160609
[34m[1mdocker version[0m
Client:
 Version:           18.06.0-ce
 API version:       1.38
 Go version:        go1.10.3
 Git commit:        0ffa825
 Built:             Wed Jul 18 19:11:02 2018
 OS/Arch:           linux/amd64
 Experimental:      false

Server:
 Engine:
  Version:          18.06.0-ce
  API version:      1.38 (minimum version 1.12)
  Go version:       go1.10.3
  Git commit:       0ffa825
  Built:            Wed Jul 18 19:09:05 2018
  OS/Arch:          linux/amd64
  Experimental:     false
[34m[1mclang version[0m
clang version 7.0.0 (tags/RELEASE_700/final)
[34m[1mjq version[0m
jq-1.5
[34m[1mbats version[0m
Bats 0.4.0
[34m[1mshellcheck version[0m
0.7.0
[34m[1mshfmt version[0m
v2.6.3
[34m[1mccache version[0m
3.2.4
[34m[1mcmake version[0m
cmake version 3.12.4
[34m[1mheroku version[0m
heroku/7.42.1 linux-x64 node-v12.16.2
[34m[1mimagemagick version[0m
Version: ImageMagick 6.8.9-9 Q16 x86_64 2019-11-12 http://www.imagemagick.org
[34m[1mmd5deep version[0m
4.4
[34m[1mmercurial version[0m
version 4.8
[34m[1mmysql version[0m
mysql  Ver 14.14 Distrib 5.7.30, for Linux (x86_64) using  EditLine wrapper
[34m[1mopenssl version[0m
OpenSSL 1.0.2g  1 Mar 2016
[34m[1mpacker version[0m
1.3.3
[34m[1mpostgresql client version[0m
psql (PostgreSQL) 10.13 (Ubuntu 10.13-1.pgdg16.04+1)
[34m[1mragel version[0m
Ragel State Machine Compiler version 6.8 Feb 2013
[34m[1msudo version[0m
1.8.16
[34m[1mgzip version[0m
gzip 1.6
[34m[1mzip version[0m
Zip 3.0
[34m[1mvim version[0m
VIM - Vi IMproved 7.4 (2013 Aug 10, compiled Mar 18 2020 14:06:17)
[34m[1miptables version[0m
iptables v1.6.0
[34m[1mcurl version[0m
curl 7.47.0 (x86_64-pc-linux-gnu) libcurl/7.47.0 GnuTLS/3.4.10 zlib/1.2.8 libidn/1.32 librtmp/2.3
[34m[1mwget version[0m
GNU Wget 1.17.1 built on linux-gnu.
[34m[1mrsync version[0m
rsync  version 3.1.1  protocol version 31
[34m[1mgimme version[0m
v1.5.4
[34m[1mnvm version[0m
0.35.3
[34m[1mperlbrew version[0m
/home/travis/perl5/perlbrew/bin/perlbrew  - App::perlbrew/0.88
[34m[1mphpenv version[0m
rbenv 1.1.2-30-gc879cb0
[34m[1mrvm version[0m
rvm 1.29.10 (latest) by Michal Papis, Piotr Kuczynski, Wayne E. Seguin [https://rvm.io]
[34m[1mdefault ruby version[0m
ruby 2.5.3p105 (2018-10-18 revision 65156) [x86_64-linux]
[34m[1mCouchDB version[0m
couchdb 1.6.1
[34m[1mElasticSearch version[0m
5.5.0
[34m[1mInstalled Firefox version[0m
firefox 63.0.1
[34m[1mMongoDB version[0m
MongoDB 4.0.19
[34m[1mPhantomJS version[0m
2.1.1
[34m[1mPre-installed PostgreSQL versions[0m
9.4.26
9.5.22
9.6.18
[34m[1mRedis version[0m
redis-server 6.0.5
[34m[1mPre-installed Go versions[0m
1.11.1
[34m[1mant version[0m
Apache Ant(TM) version 1.9.6 compiled on July 20 2018
[34m[1mmvn version[0m
Apache Maven 3.6.3 (cecedd343002696d0abb50b32b541b8a6ba2883f)
[34m[1mgradle version[0m
Gradle 5.1.1!
[34m[1mlein version[0m
Leiningen 2.9.3 on Java 11.0.2 OpenJDK 64-Bit Server VM
[34m[1mPre-installed Node.js versions[0m
v10.21.0
v11.0.0
v12.18.1
v4.9.1
v6.17.1
v8.12.0
v8.17.0
v8.9
[34m[1mphpenv versions[0m
  system
  5.6
  5.6.40
  7.1
  7.1.27
  7.2
* 7.2.15 (set by /home/travis/.phpenv/version)
  hhvm
  hhvm-stable
[34m[1mcomposer --version[0m
Composer version 1.8.4 2019-02-11 10:52:10
[34m[1mPre-installed Ruby versions[0m
ruby-2.3.8
ruby-2.4.5
ruby-2.5.3
travis_fold:end:system_info
[0K
travis_time:end:12de5138:start=1618140920538572575,finish=1618140920543711176,duration=5138601,event=show_system_info
[0Ktravis_time:start:03dea3f7
[0Ktravis_time:end:03dea3f7:start=1618140920546521889,finish=1618140920559283708,duration=12761819,event=rm_riak_source
[0Ktravis_time:start:01cd2b60
[0Ktravis_time:end:01cd2b60:start=1618140920562190042,finish=1618140920567824942,duration=5634900,event=fix_rwky_redis
[0Ktravis_time:start:244a5560
[0Ktravis_time:end:244a5560:start=1618140920571325082,finish=1618140921379938550,duration=808613468,event=wait_for_network
[0Ktravis_time:start:017044d4
[0Ktravis_time:end:017044d4:start=1618140921384243727,finish=1618140921600343652,duration=216099925,event=update_apt_keys
[0Ktravis_time:start:05d18ea4
[0Ktravis_time:end:05d18ea4:start=1618140921604339042,finish=1618140921656115327,duration=51776285,event=fix_hhvm_source
[0Ktravis_time:start:0423f2fc
[0Ktravis_time:end:0423f2fc:start=1618140921660183059,finish=1618140921663307547,duration=3124488,event=update_mongo_arch
[0Ktravis_time:start:1b96fd3c
[0Ktravis_time:end:1b96fd3c:start=1618140921669830767,finish=1618140921711562346,duration=41731579,event=fix_sudo_enabled_trusty
[0Ktravis_time:start:0a5cad11
[0Ktravis_time:end:0a5cad11:start=1618140921715390115,finish=1618140921717872390,duration=2482275,event=update_glibc
[0Ktravis_time:start:0a49de0c
[0Ktravis_time:end:0a49de0c:start=1618140921721870506,finish=1618140921729972698,duration=8102192,event=clean_up_path
[0Ktravis_time:start:01f22b94
[0Ktravis_time:end:01f22b94:start=1618140921733966237,finish=1618140921741919731,duration=7953494,event=fix_resolv_conf
[0Ktravis_time:start:3d04654e
[0Ktravis_time:end:3d04654e:start=1618140921745498100,finish=1618140921754399690,duration=8901590,event=fix_etc_hosts
[0Ktravis_time:start:09e6561c
[0Ktravis_time:end:09e6561c:start=1618140921758021467,finish=1618140921767507054,duration=9485587,event=fix_mvn_settings_xml
[0Ktravis_time:start:0a4890a8
[0Ktravis_time:end:0a4890a8:start=1618140921773597930,finish=1618140921783367418,duration=9769488,event=no_ipv6_localhost
[0Ktravis_time:start:0bffec30
[0Ktravis_time:end:0bffec30:start=1618140921787472658,finish=1618140921790261215,duration=2788557,event=fix_etc_mavenrc
[0Ktravis_time:start:0ab234c1
[0Ktravis_time:end:0ab234c1:start=1618140921795423941,finish=1618140921799065893,duration=3641952,event=fix_wwdr_certificate
[0Ktravis_time:start:15e376a2
[0Ktravis_time:end:15e376a2:start=1618140921804257775,finish=1618140921828572741,duration=24314966,event=put_localhost_first
[0Ktravis_time:start:07602fff
[0Ktravis_time:end:07602fff:start=1618140921834203501,finish=1618140921837902923,duration=3699422,event=home_paths
[0Ktravis_time:start:25b8c44e
[0Ktravis_time:end:25b8c44e:start=1618140921843587014,finish=1618140921855966119,duration=12379105,event=disable_initramfs
[0Ktravis_time:start:03d570b6
[0Ktravis_time:end:03d570b6:start=1618140921860679571,finish=1618140922151927225,duration=291247654,event=disable_ssh_roaming
[0Ktravis_time:start:00c9086d
[0Ktravis_time:end:00c9086d:start=1618140922157901169,finish=1618140922160895078,duration=2993909,event=debug_tools
[0Ktravis_time:start:0ae2d98a
[0Ktravis_time:end:0ae2d98a:start=1618140922167068093,finish=1618140922171387462,duration=4319369,event=uninstall_oclint
[0Ktravis_time:start:1662cd40
[0Ktravis_time:end:1662cd40:start=1618140922177897260,finish=1618140922181747142,duration=3849882,event=rvm_use
[0Ktravis_time:start:115d34b2
[0Ktravis_time:end:115d34b2:start=1618140922187212227,finish=1618140922195960009,duration=8747782,event=rm_etc_boto_cfg
[0Ktravis_time:start:26972bd8
[0Ktravis_time:end:26972bd8:start=1618140922201026061,finish=1618140922204965665,duration=3939604,event=rm_oraclejdk8_symlink
[0Ktravis_time:start:13d1e8a4
[0Ktravis_time:end:13d1e8a4:start=1618140922210570903,finish=1618140922305576214,duration=95005311,event=enable_i386
[0Ktravis_time:start:02923996
[0Ktravis_time:end:02923996:start=1618140922311660829,finish=1618140922317433189,duration=5772360,event=update_rubygems
[0Ktravis_time:start:0309519f
[0Ktravis_time:end:0309519f:start=1618140922322254226,finish=1618140923125720344,duration=803466118,event=ensure_path_components
[0Ktravis_time:start:081487b7
[0Ktravis_time:end:081487b7:start=1618140923129787744,finish=1618140923132171045,duration=2383301,event=redefine_curl
[0Ktravis_time:start:2a764358
[0Ktravis_time:end:2a764358:start=1618140923135868443,finish=1618140923230282283,duration=94413840,event=nonblock_pipe
[0Ktravis_time:start:00749880
[0Ktravis_time:end:00749880:start=1618140923234181037,finish=1618140929267463449,duration=6033282412,event=apt_get_update
[0Ktravis_time:start:1738fa8e
[0Ktravis_time:end:1738fa8e:start=1618140929271915576,finish=1618140929274401162,duration=2485586,event=deprecate_xcode_64
[0Ktravis_time:start:3dcf5590
[0Ktravis_time:end:3dcf5590:start=1618140929278596928,finish=1618140932118903051,duration=2840306123,event=update_heroku
[0Ktravis_time:start:01ca616e
[0Ktravis_time:end:01ca616e:start=1618140932123677715,finish=1618140932126326335,duration=2648620,event=shell_session_update
[0Ktravis_time:start:01827462
[0Ktravis_fold:start:docker_mtu_and_registry_mirrors
[0Ktravis_fold:end:docker_mtu_and_registry_mirrors
[0Ktravis_time:end:01827462:start=1618140932130077956,finish=1618140934717020777,duration=2586942821,event=set_docker_mtu_and_registry_mirrors
[0Ktravis_time:start:19c75cea
[0Ktravis_fold:start:resolvconf
[0Ktravis_fold:end:resolvconf
[0Ktravis_time:end:19c75cea:start=1618140934721880122,finish=1618140934784561320,duration=62681198,event=resolvconf
[0Ktravis_time:start:16b0473d
[0Ktravis_time:end:16b0473d:start=1618140934794609115,finish=1618140934917260198,duration=122651083,event=maven_central_mirror
[0Ktravis_time:start:0749c7ba
[0Ktravis_time:end:0749c7ba:start=1618140934921244473,finish=1618140935005419670,duration=84175197,event=maven_https
[0Ktravis_fold:start:apt
[0Ktravis_time:start:03ce1a50
[0K$ travis_apt_get_update
travis_time:end:03ce1a50:start=1618140935009706087,finish=1618140946685848671,duration=11676142584,event=prepare
[0K[33;1mInstalling APT Packages[0m
travis_time:start:1479052e
[0K$ sudo -E apt-get -yq --no-install-suggests --no-install-recommends $(travis_apt_get_options) install libboost-test-dev libspdlog-dev
Reading package lists...
Building dependency tree...
Reading state information...
The following additional packages will be installed:
  libboost-test1.58-dev libboost-test1.58.0 libboost1.58-dev
Suggested packages:
  libboost1.58-doc libboost-atomic1.58-dev libboost-chrono1.58-dev
  libboost-context1.58-dev libboost-coroutine1.58-dev
  libboost-date-time1.58-dev libboost-exception1.58-dev
  libboost-filesystem1.58-dev libboost-graph1.58-dev
  libboost-graph-parallel1.58-dev libboost-iostreams1.58-dev
  libboost-locale1.58-dev libboost-log1.58-dev libboost-math1.58-dev
  libboost-mpi1.58-dev libboost-mpi-python1.58-dev
  libboost-program-options1.58-dev libboost-python1.58-dev
  libboost-random1.58-dev libboost-regex1.58-dev
  libboost-serialization1.58-dev libboost-signals1.58-dev
  libboost-system1.58-dev libboost-thread1.58-dev libboost-timer1.58-dev
  libboost-wave1.58-dev libboost1.58-tools-dev libmpfrc++-dev libntl-dev
The following NEW packages will be installed:
  libboost-test-dev libboost-test1.58-dev libboost-test1.58.0 libboost1.58-dev
  libspdlog-dev
0 upgraded, 5 newly installed, 0 to remove and 223 not upgraded.
Need to get 6,762 kB of archives.
After this operation, 111 MB of additional disk space will be used.
Get:1 http://archive.ubuntu.com/ubuntu xenial-updates/main amd64 libboost1.58-dev amd64 1.58.0+dfsg-5ubuntu3.1 [6,222 kB]
Get:2 http://archive.ubuntu.com/ubuntu xenial-updates/universe amd64 libboost-test1.58.0 amd64 1.58.0+dfsg-5ubuntu3.1 [188 kB]
Get:3 http://archive.ubuntu.com/ubuntu xenial-updates/universe amd64 libboost-test1.58-dev amd64 1.58.0+dfsg-5ubuntu3.1 [232 kB]
Get:4 http://archive.ubuntu.com/ubuntu xenial/universe amd64 libboost-test-dev amd64 1.58.0.1ubuntu1 [2,830 B]
Get:5 http://archive.ubuntu.com/ubuntu xenial/universe amd64 libspdlog-dev amd64 1.6-1 [117 kB]
Fetched 6,762 kB in 1s (4,291 kB/s)
Selecting previously unselected package libboost1.58-dev:amd64.
(Reading database ... 
(Reading database ... 5%
(Reading database ... 10%
(Reading database ... 15%
(Reading database ... 20%
(Reading database ... 25%
(Reading database ... 30%
(Reading database ... 35%
(Reading database ... 40%
(Reading database ... 45%
(Reading database ... 50%
(Reading database ... 55%
(Reading database ... 60%
(Reading database ... 65%
(Reading database ... 70%
(Reading database ... 75%
(Reading database ... 80%
(Reading database ... 85%
(Reading database ... 90%
(Reading database ... 95%
(Reading database ... 100%
(Reading database ... 124376 files and directories currently installed.)
Preparing to unpack .../libboost1.58-dev_1.58.0+dfsg-5ubuntu3.1_amd64.deb ...
Unpacking libboost1.58-dev:amd64 (1.58.0+dfsg-5ubuntu3.1) ...
Selecting previously unselected package libboost-test1.58.0:amd64.
Preparing to unpack .../libboost-test1.58.0_1.58.0+dfsg-5ubuntu3.1_amd64.deb ...
Unpacking libboost-test1.58.0:amd64 (1.58.0+dfsg-5ubuntu3.1) ...
Selecting previously unselected package libboost-test1.58-dev:amd64.
Preparing to unpack .../libboost-test1.58-dev_1.58.0+dfsg-5ubuntu3.1_amd64.deb ...
Unpacking libboost-test1.58-dev:amd64 (1.58.0+dfsg-5ubuntu3.1) ...
Selecting previously unselected package libboost-test-dev:amd64.
Preparing to unpack .../libboost-test-dev_1.58.0.1ubuntu1_amd64.deb ...
Unpacking libboost-test-dev:amd64 (1.58.0.1ubuntu1) ...
Selecting previously unselected package libspdlog-dev.
Preparing to unpack .../libspdlog-dev_1.6-1_amd64.deb ...
Unpacking libspdlog-dev (1.6-1) ...
Processing triggers for libc-bin (2.23-0ubuntu11) ...
Setting up libboost1.58-dev:amd64 (1.58.0+dfsg-5ubuntu3.1) ...
Setting up libboost-test1.58.0:amd64 (1.58.0+dfsg-5ubuntu3.1) ...
Setting up libboost-test1.58-dev:amd64 (1.58.0+dfsg-5ubuntu3.1) ...
Setting up libboost-test-dev:amd64 (1.58.0.1ubuntu1) ...
Setting up libspdlog-dev (1.6-1) ...
Processing triggers for libc-bin (2.23-0ubuntu11) ...
travis_time:end:1479052e:start=1618140946691248789,finish=1618140954285383532,duration=7594134743,event=prepare
[0Ktravis_fold:end:apt
[0Ktravis_time:start:065d785b
[0Ktravis_time:end:065d785b:start=1618140954291147575,finish=1618140954293615512,duration=2467937,event=fix_ps4
[0Ktravis_time:start:1a458e28
[0K
travis_fold:start:git.checkout
[0Ktravis_time:start:00a7891c
[0K$ git clone --depth=50 --branch=master https://github.com/GanjelaMJ98/otus_continuous_integration.git GanjelaMJ98/otus_continuous_integration
Cloning into 'GanjelaMJ98/otus_continuous_integration'...
travis_time:end:00a7891c:start=1618140954301031358,finish=1618140954756490357,duration=455458999,event=checkout
[0K$ cd GanjelaMJ98/otus_continuous_integration
$ git checkout -qf 2f6a0e330572682571c8252a1d9e2d37c4fd7437
travis_fold:end:git.checkout
[0K
travis_time:end:00a7891c:start=1618140954301031358,finish=1618140954766090427,duration=465059069,event=checkout
[0Ktravis_time:start:1deab3c1
[0K
[33;1mSetting environment variables from repository settings[0m
$ export BINTRAY_API_KEY=[secure]

travis_time:end:1deab3c1:start=1618140954771985578,finish=1618140954781799462,duration=9813884,event=env
[0K$ export TRAVIS_COMPILER=clang
$ export CXX=${CXX:-clang++}
$ export CXX_FOR_BUILD=${CXX_FOR_BUILD:-clang++}
$ export CC=${CC:-clang}
$ export CC_FOR_BUILD=${CC_FOR_BUILD:-clang}
$ clang --version
clang version 7.0.0 (tags/RELEASE_700/final)
Target: x86_64-unknown-linux-gnu
Thread model: posix
InstalledDir: /usr/local/clang-7.0.0/bin
travis_time:start:004fed38
[0K$ cmake .
-- The C compiler identification is Clang 7.0.0
-- The CXX compiler identification is Clang 7.0.0
-- Check for working C compiler: /usr/local/clang-7.0.0/bin/clang
-- Check for working C compiler: /usr/local/clang-7.0.0/bin/clang -- works
-- Detecting C compiler ABI info
-- Detecting C compiler ABI info - done
-- Detecting C compile features
-- Detecting C compile features - done
-- Check for working CXX compiler: /usr/local/clang-7.0.0/bin/clang++
-- Check for working CXX compiler: /usr/local/clang-7.0.0/bin/clang++ -- works
-- Detecting CXX compiler ABI info
-- Detecting CXX compiler ABI info - done
-- Detecting CXX compile features
-- Detecting CXX compile features - done
-- Looking for pthread.h
-- Looking for pthread.h - found
-- Looking for pthread_create
-- Looking for pthread_create - not found
-- Looking for pthread_create in pthreads
-- Looking for pthread_create in pthreads - not found
-- Looking for pthread_create in pthread
-- Looking for pthread_create in pthread - found
-- Found Threads: TRUE  
-- Boost version: 1.58.0
-- Found the following Boost libraries:
--   unit_test_framework
-- Configuring done
-- Generating done
-- Build files have been written to: /home/travis/build/GanjelaMJ98/otus_continuous_integration
travis_time:end:004fed38:start=1618140954994508567,finish=1618140956555025263,duration=1560516696,event=script
[0K[32;1mThe command "cmake ." exited with 0.[0m
travis_time:start:1e83d471
[0K$ cmake --build .
Scanning dependencies of target helloworld
[ 16%] Building CXX object CMakeFiles/helloworld.dir/lib.cpp.o
[ 33%] Linking CXX static library libhelloworld.a
[ 33%] Built target helloworld
Scanning dependencies of target test_version
[ 50%] Building CXX object CMakeFiles/test_version.dir/test_version.cpp.o
[ 66%] Linking CXX executable test_version
[ 66%] Built target test_version
Scanning dependencies of target helloworld_cli
[ 83%] Building CXX object CMakeFiles/helloworld_cli.dir/main.cpp.o
[100%] Linking CXX executable helloworld_cli
[100%] Built target helloworld_cli
travis_time:end:1e83d471:start=1618140956559483062,finish=1618140958171039507,duration=1611556445,event=script
[0K[32;1mThe command "cmake --build ." exited with 0.[0m
travis_time:start:1e2dd3e0
[0K$ cmake --build . --target test
Running tests...
Test project /home/travis/build/GanjelaMJ98/otus_continuous_integration
    Start 1: helloworld_tests
1/1 Test #1: helloworld_tests .................   Passed    0.00 sec

100% tests passed, 0 tests failed out of 1

Total Test time (real) =   0.01 sec
travis_time:end:1e2dd3e0:start=1618140958175809323,finish=1618140958276097785,duration=100288462,event=script
[0K[32;1mThe command "cmake --build . --target test" exited with 0.[0m
travis_time:start:0476bb17
[0K$ cmake --build . --target package
[ 33%] Built target helloworld
[ 66%] Built target test_version
[100%] Built target helloworld_cli
Run CPack packaging tool...
CPack: Create package using DEB
CPack: Install projects
CPack: - Run preinstall target for: first
CPack: - Install project: first
CPack: Create package
CPackDeb: - Generating dependency list
CPack: - package: /home/travis/build/GanjelaMJ98/otus_continuous_integration/first-0.0.4-Linux.deb generated.
travis_time:end:0476bb17:start=1618140958282310885,finish=1618140959197136031,duration=914825146,event=script
[0K[32;1mThe command "cmake --build . --target package" exited with 0.[0m

travis_fold:start:dpl_0
[0Ktravis_time:start:019c7d18
[0K$ rvm $(travis_internal_ruby) --fuzzy do ruby -S gem install dpl
Successfully installed dpl-1.10.16
1 gem installed
travis_time:end:019c7d18:start=1618140960278387442,finish=1618140961592235097,duration=1313847655,event=after_success
[0Ktravis_fold:end:dpl_0
[0Ktravis_time:start:02308498
[0Ktravis_fold:start:dpl.1
[33mInstalling deploy dependencies[0m
Successfully installed dpl-script-1.10.16
1 gem installed

travis_fold:end:dpl.1
travis_fold:start:dpl.2
[33mPreparing deploy[0m

travis_fold:end:dpl.2
travis_fold:start:dpl.3
[33mDeploying application[0m
  % Total    % Received % Xferd  Average Speed   Time    Time     Time  Current
                                 Dload  Upload   Total   Spent    Left  Speed

  0     0    0     0    0     0      0      0 --:--:-- --:--:-- --:--:--     0
100  3916    0     0  100  3916      0  16890 --:--:-- --:--:-- --:--:-- 16879
100  3937  100    21  100  3916     12   2321  0:00:01  0:00:01 --:--:--  2321
100  3937  100    21  100  3916     12   2321  0:00:01  0:00:01 --:--:--  2321
{"message":"success"}
travis_fold:end:dpl.3
travis_time:end:02308498:start=1618140961598157918,finish=1618140964560125326,duration=2961967408,event=after_success
[0K
Done. Your build exited with 0.